[0913/161829.112:ERROR:crash_report_database_win.cc(469)] failed to stat report
[0913/161829.113:ERROR:crash_report_database_win.cc(469)] failed to stat report
[0913/161829.113:ERROR:crash_report_database_win.cc(469)] failed to stat report
[0913/161829.113:ERROR:crash_report_database_win.cc(469)] failed to stat report
[0913/161829.114:ERROR:crash_report_database_win.cc(469)] failed to stat report
[0913/161829.114:ERROR:crash_report_database_win.cc(469)] failed to stat report
[0913/161829.114:ERROR:crash_report_database_win.cc(469)] failed to stat report
[0913/162227.781:ERROR:crash_report_database_win.cc(469)] failed to stat report
[0913/162227.784:ERROR:crash_report_database_win.cc(469)] failed to stat report
[0913/162227.784:ERROR:crash_report_database_win.cc(469)] failed to stat report
[0913/162227.785:ERROR:crash_report_database_win.cc(469)] failed to stat report
[0913/162227.785:ERROR:crash_report_database_win.cc(469)] failed to stat report
[0913/162227.785:ERROR:crash_report_database_win.cc(469)] failed to stat report
[0913/162227.785:ERROR:crash_report_database_win.cc(469)] failed to stat report
[0913/163231.716:ERROR:crash_report_database_win.cc(469)] failed to stat report
[0913/163231.717:ERROR:crash_report_database_win.cc(469)] failed to stat report
[0913/163231.717:ERROR:crash_report_database_win.cc(469)] failed to stat report
[0913/163231.717:ERROR:crash_report_database_win.cc(469)] failed to stat report
[0913/163231.717:ERROR:crash_report_database_win.cc(469)] failed to stat report
[0913/163231.717:ERROR:crash_report_database_win.cc(469)] failed to stat report
[0913/163231.717:ERROR:crash_report_database_win.cc(469)] failed to stat report
[0913/164547.713:ERROR:crash_report_database_win.cc(469)] failed to stat report
[0913/164547.715:ERROR:crash_report_database_win.cc(469)] failed to stat report
[0913/164547.715:ERROR:crash_report_database_win.cc(469)] failed to stat report
[0913/164547.715:ERROR:crash_report_database_win.cc(469)] failed to stat report
[0913/164547.715:ERROR:crash_report_database_win.cc(469)] failed to stat report
[0913/164547.715:ERROR:crash_report_database_win.cc(469)] failed to stat report
[0913/164547.715:ERROR:crash_report_database_win.cc(469)] failed to stat report
<<<<<<< HEAD
<<<<<<< HEAD
<<<<<<< HEAD
<<<<<<< HEAD
=======
>>>>>>> log
=======
>>>>>>> log
[0913/235433.574:ERROR:crash_report_database_win.cc(469)] failed to stat report
[0913/235433.574:ERROR:crash_report_database_win.cc(469)] failed to stat report
[0913/235433.574:ERROR:crash_report_database_win.cc(469)] failed to stat report
[0913/235433.574:ERROR:crash_report_database_win.cc(469)] failed to stat report
[0913/235433.575:ERROR:crash_report_database_win.cc(469)] failed to stat report
[0913/235433.575:ERROR:crash_report_database_win.cc(469)] failed to stat report
[0913/235433.575:ERROR:crash_report_database_win.cc(469)] failed to stat report
[0914/145602.719:ERROR:crash_report_database_win.cc(469)] failed to stat report
[0914/145602.720:ERROR:crash_report_database_win.cc(469)] failed to stat report
[0914/145602.721:ERROR:crash_report_database_win.cc(469)] failed to stat report
[0914/145602.721:ERROR:crash_report_database_win.cc(469)] failed to stat report
[0914/145602.721:ERROR:crash_report_database_win.cc(469)] failed to stat report
[0914/145602.721:ERROR:crash_report_database_win.cc(469)] failed to stat report
[0914/145602.721:ERROR:crash_report_database_win.cc(469)] failed to stat report
<<<<<<< HEAD
<<<<<<< HEAD
=======
>>>>>>> materialize a bit?
=======
>>>>>>> log
=======
>>>>>>> materialize a bit?
=======
>>>>>>> log
